build/app/intermediates/manifest_merge_blame_file/release/manifest-merger-blame-release-report.txt
1<?xml version="1.0" encoding="utf-8"?>
2<manifest xmlns:android="http://schemas.android.com/apk/res/android"
3    package="com.mundi.schoolquiz"
4    android:versionCode="7"
5    android:versionName="ShoolClasse" >
6
7    <uses-sdk
8        android:minSdkVersion="21"
8-->src\main\AndroidManifest.xml
9        android:targetSdkVersion="33" />
9-->src\main\AndroidManifest.xml
10
11    <uses-permission android:name="android.permission.INTERNET" />
11-->src\main\AndroidManifest.xml:4:5-67
11-->src\main\AndroidManifest.xml:4:22-64
12    <uses-permission android:name="android.permission.ACCESS_NETWORK_STATE" />
12-->src\main\AndroidManifest.xml:5:5-79
12-->src\main\AndroidManifest.xml:5:22-76
13    <uses-permission android:name="android.permission.WAKE_LOCK" /> <!-- Create a unique permission for your app and use it so only your app can receive your OneSignal messages. -->
13-->[:firebase_analytics] AndroidManifest.xml:11:5-68
13-->[:firebase_analytics] AndroidManifest.xml:11:22-65
14    <permission
14-->[com.onesignal:OneSignal:4.8.5] AndroidManifest.xml:7:5-9:47
15        android:name="com.mundi.schoolquiz.permission.C2D_MESSAGE"
15-->[com.onesignal:OneSignal:4.8.5] AndroidManifest.xml:8:9-63
16        android:protectionLevel="signature" />
16-->[com.onesignal:OneSignal:4.8.5] AndroidManifest.xml:9:9-44
17
18    <uses-permission android:name="com.mundi.schoolquiz.permission.C2D_MESSAGE" /> <!-- OneSignal SDK has runtime checks Android version. -->
18-->[com.onesignal:OneSignal:4.8.5] AndroidManifest.xml:11:5-79
18-->[com.onesignal:OneSignal:4.8.5] AndroidManifest.xml:11:22-76
19    <!-- <uses-sdk tools:overrideLibrary="android.support.customtabs"/> -->
20    <!-- Required runtime permission to display notifications on Android 13 -->
21    <uses-permission android:name="android.permission.POST_NOTIFICATIONS" /> <!-- c2dm RECEIVE are basic requirements for push messages through Google's FCM -->
21-->[com.onesignal:OneSignal:4.8.5] AndroidManifest.xml:16:5-77
21-->[com.onesignal:OneSignal:4.8.5] AndroidManifest.xml:16:22-74
22    <uses-permission android:name="com.google.android.c2dm.permission.RECEIVE" />
22-->[com.onesignal:OneSignal:4.8.5] AndroidManifest.xml:18:5-82
22-->[com.onesignal:OneSignal:4.8.5] AndroidManifest.xml:18:22-79
23    <!--
24 Required so the device vibrates on receiving a push notification.
25         Vibration settings of the device still apply.
26    -->
27    <uses-permission android:name="android.permission.VIBRATE" />
27-->[com.onesignal:OneSignal:4.8.5] AndroidManifest.xml:24:5-66
27-->[com.onesignal:OneSignal:4.8.5] AndroidManifest.xml:24:22-63
28    <!--
29 Use to restore notifications the user hasn't interacted with.
30         They could be missed notifications if the user reboots their device if this isn't in place.
31    -->
32    <uses-permission android:name="android.permission.RECEIVE_BOOT_COMPLETED" /> <!-- START: ShortcutBadger -->
32-->[com.onesignal:OneSignal:4.8.5] AndroidManifest.xml:30:5-81
32-->[com.onesignal:OneSignal:4.8.5] AndroidManifest.xml:30:22-78
33    <!-- Samsung -->
34    <uses-permission android:name="com.sec.android.provider.badge.permission.READ" />
34-->[com.onesignal:OneSignal:4.8.5] AndroidManifest.xml:32:5-86
34-->[com.onesignal:OneSignal:4.8.5] AndroidManifest.xml:32:22-83
35    <uses-permission android:name="com.sec.android.provider.badge.permission.WRITE" /> <!-- HTC -->
35-->[com.onesignal:OneSignal:4.8.5] AndroidManifest.xml:33:5-87
35-->[com.onesignal:OneSignal:4.8.5] AndroidManifest.xml:33:22-84
36    <uses-permission android:name="com.htc.launcher.permission.READ_SETTINGS" />
36-->[com.onesignal:OneSignal:4.8.5] AndroidManifest.xml:34:5-81
36-->[com.onesignal:OneSignal:4.8.5] AndroidManifest.xml:34:22-78
37    <uses-permission android:name="com.htc.launcher.permission.UPDATE_SHORTCUT" /> <!-- Sony -->
37-->[com.onesignal:OneSignal:4.8.5] AndroidManifest.xml:35:5-83
37-->[com.onesignal:OneSignal:4.8.5] AndroidManifest.xml:35:22-80
38    <uses-permission android:name="com.sonyericsson.home.permission.BROADCAST_BADGE" />
38-->[com.onesignal:OneSignal:4.8.5] AndroidManifest.xml:36:5-88
38-->[com.onesignal:OneSignal:4.8.5] AndroidManifest.xml:36:22-85
39    <uses-permission android:name="com.sonymobile.home.permission.PROVIDER_INSERT_BADGE" /> <!-- Apex -->
39-->[com.onesignal:OneSignal:4.8.5] AndroidManifest.xml:37:5-92
39-->[com.onesignal:OneSignal:4.8.5] AndroidManifest.xml:37:22-89
40    <uses-permission android:name="com.anddoes.launcher.permission.UPDATE_COUNT" /> <!-- Solid -->
40-->[com.onesignal:OneSignal:4.8.5] AndroidManifest.xml:38:5-84
40-->[com.onesignal:OneSignal:4.8.5] AndroidManifest.xml:38:22-81
41    <uses-permission android:name="com.majeur.launcher.permission.UPDATE_BADGE" /> <!-- Huawei -->
41-->[com.onesignal:OneSignal:4.8.5] AndroidManifest.xml:39:5-83
41-->[com.onesignal:OneSignal:4.8.5] AndroidManifest.xml:39:22-80
42    <uses-permission android:name="com.huawei.android.launcher.permission.CHANGE_BADGE" />
42-->[com.onesignal:OneSignal:4.8.5] AndroidManifest.xml:40:5-91
42-->[com.onesignal:OneSignal:4.8.5] AndroidManifest.xml:40:22-88
43    <uses-permission android:name="com.huawei.android.launcher.permission.READ_SETTINGS" />
43-->[com.onesignal:OneSignal:4.8.5] AndroidManifest.xml:41:5-92
43-->[com.onesignal:OneSignal:4.8.5] AndroidManifest.xml:41:22-89
44    <uses-permission android:name="com.huawei.android.launcher.permission.WRITE_SETTINGS" /> <!-- ZUK -->
44-->[com.onesignal:OneSignal:4.8.5] AndroidManifest.xml:42:5-93
44-->[com.onesignal:OneSignal:4.8.5] AndroidManifest.xml:42:22-90
45    <uses-permission android:name="android.permission.READ_APP_BADGE" /> <!-- OPPO -->
45-->[com.onesignal:OneSignal:4.8.5] AndroidManifest.xml:43:5-73
45-->[com.onesignal:OneSignal:4.8.5] AndroidManifest.xml:43:22-70
46    <uses-permission android:name="com.oppo.launcher.permission.READ_SETTINGS" />
46-->[com.onesignal:OneSignal:4.8.5] AndroidManifest.xml:44:5-82
46-->[com.onesignal:OneSignal:4.8.5] AndroidManifest.xml:44:22-79
47    <uses-permission android:name="com.oppo.launcher.permission.WRITE_SETTINGS" /> <!-- EvMe -->
47-->[com.onesignal:OneSignal:4.8.5] AndroidManifest.xml:45:5-83
47-->[com.onesignal:OneSignal:4.8.5] AndroidManifest.xml:45:22-80
48    <uses-permission android:name="me.everything.badger.permission.BADGE_COUNT_READ" />
48-->[com.onesignal:OneSignal:4.8.5] AndroidManifest.xml:46:5-88
48-->[com.onesignal:OneSignal:4.8.5] AndroidManifest.xml:46:22-85
49    <uses-permission android:name="me.everything.badger.permission.BADGE_COUNT_WRITE" />
49-->[com.onesignal:OneSignal:4.8.5] AndroidManifest.xml:47:5-89
49-->[com.onesignal:OneSignal:4.8.5] AndroidManifest.xml:47:22-86
50    <uses-permission android:name="com.google.android.gms.permission.AD_ID" />
50-->[com.google.android.gms:play-services-measurement-api:21.3.0] AndroidManifest.xml:25:5-79
50-->[com.google.android.gms:play-services-measurement-api:21.3.0] AndroidManifest.xml:25:22-76
51    <uses-permission android:name="com.google.android.finsky.permission.BIND_GET_INSTALL_REFERRER_SERVICE" /> <!-- Android package visibility setting -->
51-->[com.google.android.gms:play-services-measurement:21.3.0] AndroidManifest.xml:26:5-110
51-->[com.google.android.gms:play-services-measurement:21.3.0] AndroidManifest.xml:26:22-107
52    <queries>
52-->[com.google.android.gms:play-services-ads-lite:22.0.0] AndroidManifest.xml:32:5-48:15
53
54        <!-- For browser content -->
55        <intent>
55-->[com.google.android.gms:play-services-ads-lite:22.0.0] AndroidManifest.xml:35:9-41:18
56            <action android:name="android.intent.action.VIEW" />
56-->[com.onesignal:OneSignal:4.8.5] AndroidManifest.xml:77:17-69
56-->[com.onesignal:OneSignal:4.8.5] AndroidManifest.xml:77:25-66
57
58            <category android:name="android.intent.category.BROWSABLE" />
58-->[com.google.firebase:firebase-auth:22.1.0] AndroidManifest.xml:39:17-78
58-->[com.google.firebase:firebase-auth:22.1.0] AndroidManifest.xml:39:27-75
59
60            <data android:scheme="https" />
60-->[com.google.firebase:firebase-auth:22.1.0] AndroidManifest.xml:41:17-44:51
60-->[com.google.firebase:firebase-auth:22.1.0] AndroidManifest.xml:44:21-48
61        </intent>
62        <!-- End of browser content -->
63        <!-- For CustomTabsService -->
64        <intent>
64-->[com.google.android.gms:play-services-ads-lite:22.0.0] AndroidManifest.xml:44:9-46:18
65            <action android:name="android.support.customtabs.action.CustomTabsService" />
65-->[com.google.android.gms:play-services-ads-lite:22.0.0] AndroidManifest.xml:45:13-90
65-->[com.google.android.gms:play-services-ads-lite:22.0.0] AndroidManifest.xml:45:21-87
66        </intent>
67        <!-- End of CustomTabsService -->
68    </queries>
69
70    <uses-permission android:name="android.permission.FOREGROUND_SERVICE" />
70-->[androidx.work:work-runtime:2.7.0] AndroidManifest.xml:28:5-77
70-->[androidx.work:work-runtime:2.7.0] AndroidManifest.xml:28:22-74
71
72    <permission
72-->[androidx.core:core:1.10.1] AndroidManifest.xml:22:5-24:47
73        android:name="com.mundi.schoolquiz.DYNAMIC_RECEIVER_NOT_EXPORTED_PERMISSION"
73-->[androidx.core:core:1.10.1] AndroidManifest.xml:23:9-81
74        android:protectionLevel="signature" />
74-->[androidx.core:core:1.10.1] AndroidManifest.xml:24:9-44
75
76    <uses-permission android:name="com.mundi.schoolquiz.DYNAMIC_RECEIVER_NOT_EXPORTED_PERMISSION" />
76-->[androidx.core:core:1.10.1] AndroidManifest.xml:26:5-97
76-->[androidx.core:core:1.10.1] AndroidManifest.xml:26:22-94
77
78    <application
78-->src\main\AndroidManifest.xml:7:5-51:19
79        android:allowBackup="true"
79-->src\main\AndroidManifest.xml:8:9-35
80        android:appComponentFactory="androidx.core.app.CoreComponentFactory"
80-->[androidx.core:core:1.10.1] AndroidManifest.xml:28:18-86
81        android:fullBackupContent="true"
81-->src\main\AndroidManifest.xml:9:9-41
82        android:icon="@mipmap/ic_launcher"
82-->src\main\AndroidManifest.xml:10:9-43
83        android:label="School Quiz" >
83-->src\main\AndroidManifest.xml:11:9-36
84        <activity
84-->src\main\AndroidManifest.xml:12:9-39:20
85            android:name="com.mundi.schoolquiz.MainActivity"
85-->src\main\AndroidManifest.xml:13:13-41
86            android:configChanges="orientation|keyboardHidden|keyboard|screenSize|smallestScreenSize|locale|layoutDirection|fontScale|screenLayout|density|uiMode"
86-->src\main\AndroidManifest.xml:14:13-163
87            android:exported="true"
87-->src\main\AndroidManifest.xml:15:13-36
88            android:hardwareAccelerated="true"
88-->src\main\AndroidManifest.xml:16:13-47
89            android:launchMode="singleTop"
89-->src\main\AndroidManifest.xml:17:13-43
90            android:theme="@style/LaunchTheme"
90-->src\main\AndroidManifest.xml:18:13-47
91            android:windowSoftInputMode="adjustResize" >
91-->src\main\AndroidManifest.xml:19:13-55
92
93            <!--
94                 Specifies an Android theme to apply to this Activity as soon as
95                 the Android process has started. This theme is visible to the user
96                 while the Flutter UI initializes. After that, this theme continues
97                 to determine the Window background behind the Flutter UI.
98            -->
99            <meta-data
99-->src\main\AndroidManifest.xml:24:13-26:57
100                android:name="io.flutter.embedding.android.NormalTheme"
100-->src\main\AndroidManifest.xml:25:17-72
101                android:resource="@style/NormalTheme" />
101-->src\main\AndroidManifest.xml:26:17-54
102            <!--
103                 Displays an Android View that continues showing the launch screen
104                 Drawable until Flutter paints its first frame, then this splash
105                 screen fades out. A splash screen is useful to avoid any visual
106                 gap between the end of Android's launch screen and the painting of
107                 Flutter's first frame.
108            -->
109            <meta-data
109-->src\main\AndroidManifest.xml:32:13-34:66
110                android:name="io.flutter.embedding.android.SplashScreenDrawable"
110-->src\main\AndroidManifest.xml:33:17-81
111                android:resource="@drawable/launch_background" />
111-->src\main\AndroidManifest.xml:34:17-63
112
113            <intent-filter>
113-->src\main\AndroidManifest.xml:35:13-38:29
114                <action android:name="android.intent.action.MAIN" />
114-->src\main\AndroidManifest.xml:36:17-69
114-->src\main\AndroidManifest.xml:36:25-66
115
116                <category android:name="android.intent.category.LAUNCHER" />
116-->src\main\AndroidManifest.xml:37:17-77
116-->src\main\AndroidManifest.xml:37:27-74
117            </intent-filter>
118        </activity>
119        <!--
120             Don't delete the meta-data below.
121             This is used by the Flutter tool to generate GeneratedPluginRegistrant.java
122        -->
123        <meta-data
123-->src\main\AndroidManifest.xml:42:9-44:33
124            android:name="flutterEmbedding"
124-->src\main\AndroidManifest.xml:43:13-44
125            android:value="2" />
125-->src\main\AndroidManifest.xml:44:13-30
126        <meta-data
126-->src\main\AndroidManifest.xml:46:9-49:65
127            android:name="com.google.android.gms.ads.APPLICATION_ID"
127-->src\main\AndroidManifest.xml:47:13-69
128            android:value="ca-app-pub-4514332068102602~1726751695" />
128-->src\main\AndroidManifest.xml:49:8-62
129
130        <service
130-->[:cloud_firestore] AndroidManifest.xml:10:9-14:19
131            android:name="com.google.firebase.components.ComponentDiscoveryService"
131-->[:cloud_firestore] AndroidManifest.xml:10:18-89
132            android:directBootAware="true"
132-->[com.google.firebase:firebase-common:20.3.3] AndroidManifest.xml:34:13-43
133            android:exported="false" >
133-->[com.google.firebase:firebase-analytics-ktx:21.3.0] AndroidManifest.xml:10:13-37
134            <meta-data
134-->[:cloud_firestore] AndroidManifest.xml:11:13-13:85
135                android:name="com.google.firebase.components:io.flutter.plugins.firebase.firestore.FlutterFirebaseFirestoreRegistrar"
135-->[:cloud_firestore] AndroidManifest.xml:12:17-134
136                android:value="com.google.firebase.components.ComponentRegistrar" />
136-->[:cloud_firestore] AndroidManifest.xml:13:17-82
137            <meta-data
137-->[:firebase_analytics] AndroidManifest.xml:15:13-17:85
138                android:name="com.google.firebase.components:io.flutter.plugins.firebase.analytics.FlutterFirebaseAppRegistrar"
138-->[:firebase_analytics] AndroidManifest.xml:16:17-128
139                android:value="com.google.firebase.components.ComponentRegistrar" />
139-->[:firebase_analytics] AndroidManifest.xml:17:17-82
140            <meta-data
140-->[:firebase_auth] AndroidManifest.xml:11:13-13:85
141                android:name="com.google.firebase.components:io.flutter.plugins.firebase.auth.FlutterFirebaseAuthRegistrar"
141-->[:firebase_auth] AndroidManifest.xml:12:17-124
142                android:value="com.google.firebase.components.ComponentRegistrar" />
142-->[:firebase_auth] AndroidManifest.xml:13:17-82
143            <meta-data
143-->[:firebase_storage] AndroidManifest.xml:11:13-13:85
144                android:name="com.google.firebase.components:io.flutter.plugins.firebase.storage.FlutterFirebaseAppRegistrar"
144-->[:firebase_storage] AndroidManifest.xml:12:17-126
145                android:value="com.google.firebase.components.ComponentRegistrar" />
145-->[:firebase_storage] AndroidManifest.xml:13:17-82
146            <meta-data
146-->[:firebase_core] AndroidManifest.xml:11:13-13:85
147                android:name="com.google.firebase.components:io.flutter.plugins.firebase.core.FlutterFirebaseCoreRegistrar"
147-->[:firebase_core] AndroidManifest.xml:12:17-124
148                android:value="com.google.firebase.components.ComponentRegistrar" />
148-->[:firebase_core] AndroidManifest.xml:13:17-82
149            <meta-data
149-->[com.google.firebase:firebase-analytics-ktx:21.3.0] AndroidManifest.xml:11:13-13:85
150                android:name="com.google.firebase.components:com.google.firebase.analytics.ktx.FirebaseAnalyticsKtxRegistrar"
150-->[com.google.firebase:firebase-analytics-ktx:21.3.0] AndroidManifest.xml:12:17-126
151                android:value="com.google.firebase.components.ComponentRegistrar" />
151-->[com.google.firebase:firebase-analytics-ktx:21.3.0] AndroidManifest.xml:13:17-82
152            <meta-data
152-->[com.google.firebase:firebase-common-ktx:20.3.3] AndroidManifest.xml:14:13-16:85
153                android:name="com.google.firebase.components:com.google.firebase.ktx.FirebaseCommonKtxRegistrar"
153-->[com.google.firebase:firebase-common-ktx:20.3.3] AndroidManifest.xml:15:17-113
154                android:value="com.google.firebase.components.ComponentRegistrar" />
154-->[com.google.firebase:firebase-common-ktx:20.3.3] AndroidManifest.xml:16:17-82
155            <meta-data
155-->[com.google.firebase:firebase-auth:22.1.0] AndroidManifest.xml:69:13-71:85
156                android:name="com.google.firebase.components:com.google.firebase.auth.FirebaseAuthRegistrar"
156-->[com.google.firebase:firebase-auth:22.1.0] AndroidManifest.xml:70:17-109
157                android:value="com.google.firebase.components.ComponentRegistrar" />
157-->[com.google.firebase:firebase-auth:22.1.0] AndroidManifest.xml:71:17-82
158            <meta-data
158-->[com.google.firebase:firebase-firestore:24.7.0] AndroidManifest.xml:19:13-21:85
159                android:name="com.google.firebase.components:com.google.firebase.firestore.FirestoreRegistrar"
159-->[com.google.firebase:firebase-firestore:24.7.0] AndroidManifest.xml:20:17-111
160                android:value="com.google.firebase.components.ComponentRegistrar" />
160-->[com.google.firebase:firebase-firestore:24.7.0] AndroidManifest.xml:21:17-82
161            <meta-data
161-->[com.google.firebase:firebase-storage:20.2.1] AndroidManifest.xml:32:13-34:85
162                android:name="com.google.firebase.components:com.google.firebase.storage.StorageRegistrar"
162-->[com.google.firebase:firebase-storage:20.2.1] AndroidManifest.xml:33:17-107
163                android:value="com.google.firebase.components.ComponentRegistrar" />
163-->[com.google.firebase:firebase-storage:20.2.1] AndroidManifest.xml:34:17-82
164            <meta-data
164-->[com.google.android.gms:play-services-measurement-api:21.3.0] AndroidManifest.xml:31:13-33:85
165                android:name="com.google.firebase.components:com.google.firebase.analytics.connector.internal.AnalyticsConnectorRegistrar"
165-->[com.google.android.gms:play-services-measurement-api:21.3.0] AndroidManifest.xml:32:17-139
166                android:value="com.google.firebase.components.ComponentRegistrar" />
166-->[com.google.android.gms:play-services-measurement-api:21.3.0] AndroidManifest.xml:33:17-82
167            <meta-data
167-->[com.google.firebase:firebase-messaging:23.2.0] AndroidManifest.xml:55:13-57:85
168                android:name="com.google.firebase.components:com.google.firebase.messaging.FirebaseMessagingRegistrar"
168-->[com.google.firebase:firebase-messaging:23.2.0] AndroidManifest.xml:56:17-119
169                android:value="com.google.firebase.components.ComponentRegistrar" />
169-->[com.google.firebase:firebase-messaging:23.2.0] AndroidManifest.xml:57:17-82
170            <meta-data
170-->[com.google.firebase:firebase-installations:17.1.3] AndroidManifest.xml:17:13-19:85
171                android:name="com.google.firebase.components:com.google.firebase.installations.FirebaseInstallationsRegistrar"
171-->[com.google.firebase:firebase-installations:17.1.3] AndroidManifest.xml:18:17-127
172                android:value="com.google.firebase.components.ComponentRegistrar" />
172-->[com.google.firebase:firebase-installations:17.1.3] AndroidManifest.xml:19:17-82
173            <meta-data
173-->[com.google.firebase:firebase-datatransport:18.1.7] AndroidManifest.xml:27:13-29:85
174                android:name="com.google.firebase.components:com.google.firebase.datatransport.TransportRegistrar"
174-->[com.google.firebase:firebase-datatransport:18.1.7] AndroidManifest.xml:28:17-115
175                android:value="com.google.firebase.components.ComponentRegistrar" />
175-->[com.google.firebase:firebase-datatransport:18.1.7] AndroidManifest.xml:29:17-82
176        </service>
177
178        <provider
178-->[:image_picker_android] AndroidManifest.xml:10:9-18:20
179            android:name="io.flutter.plugins.imagepicker.ImagePickerFileProvider"
179-->[:image_picker_android] AndroidManifest.xml:11:13-82
180            android:authorities="com.mundi.schoolquiz.flutter.image_provider"
180-->[:image_picker_android] AndroidManifest.xml:12:13-74
181            android:exported="false"
181-->[:image_picker_android] AndroidManifest.xml:13:13-37
182            android:grantUriPermissions="true" >
182-->[:image_picker_android] AndroidManifest.xml:14:13-47
183            <meta-data
183-->[:image_picker_android] AndroidManifest.xml:15:13-17:75
184                android:name="android.support.FILE_PROVIDER_PATHS"
184-->[:image_picker_android] AndroidManifest.xml:16:17-67
185                android:resource="@xml/flutter_image_picker_file_paths" />
185-->[:image_picker_android] AndroidManifest.xml:17:17-72
186        </provider>
187
188        <activity
188-->[:url_launcher_android] AndroidManifest.xml:10:9-13:74
189            android:name="io.flutter.plugins.urllauncher.WebViewActivity"
189-->[:url_launcher_android] AndroidManifest.xml:11:13-74
190            android:exported="false"
190-->[:url_launcher_android] AndroidManifest.xml:12:13-37
191            android:theme="@android:style/Theme.NoTitleBar.Fullscreen" />
191-->[:url_launcher_android] AndroidManifest.xml:13:13-71
192
193        <meta-data
193-->[:google_mobile_ads] AndroidManifest.xml:12:9-14:36
194            android:name="io.flutter.embedded_views_preview"
194-->[:google_mobile_ads] AndroidManifest.xml:13:13-61
195            android:value="true" />
195-->[:google_mobile_ads] AndroidManifest.xml:14:13-33
196        <!--
197           Declares a provider which allows us to store files to share in
198           '.../caches/share_plus' and grant the receiving action access
199        -->
200        <provider
200-->[:share_plus] AndroidManifest.xml:15:9-23:20
201            android:name="dev.fluttercommunity.plus.share.ShareFileProvider"
201-->[:share_plus] AndroidManifest.xml:16:13-77
202            android:authorities="com.mundi.schoolquiz.flutter.share_provider"
202-->[:share_plus] AndroidManifest.xml:17:13-74
203            android:exported="false"
203-->[:share_plus] AndroidManifest.xml:18:13-37
204            android:grantUriPermissions="true" >
204-->[:share_plus] AndroidManifest.xml:19:13-47
205            <meta-data
205-->[:image_picker_android] AndroidManifest.xml:15:13-17:75
206                android:name="android.support.FILE_PROVIDER_PATHS"
206-->[:image_picker_android] AndroidManifest.xml:16:17-67
207                android:resource="@xml/flutter_share_file_paths" />
207-->[:image_picker_android] AndroidManifest.xml:17:17-72
208        </provider>
209        <!--
210           This manifest declared broadcast receiver allows us to use an explicit
211           Intent when creating a PendingItent to be informed of the user's choice
212        -->
213        <receiver
213-->[:share_plus] AndroidManifest.xml:28:9-34:20
214            android:name="dev.fluttercommunity.plus.share.SharePlusPendingIntent"
214-->[:share_plus] AndroidManifest.xml:29:13-82
215            android:exported="false" >
215-->[:share_plus] AndroidManifest.xml:30:13-37
216            <intent-filter>
216-->[:share_plus] AndroidManifest.xml:31:13-33:29
217                <action android:name="EXTRA_CHOSEN_COMPONENT" />
217-->[:share_plus] AndroidManifest.xml:32:17-65
217-->[:share_plus] AndroidManifest.xml:32:25-62
218            </intent-filter>
219        </receiver>
220        <receiver
220-->[com.onesignal:OneSignal:4.8.5] AndroidManifest.xml:50:9-61:20
221            android:name="com.onesignal.FCMBroadcastReceiver"
221-->[com.onesignal:OneSignal:4.8.5] AndroidManifest.xml:51:13-62
222            android:exported="true"
222-->[com.onesignal:OneSignal:4.8.5] AndroidManifest.xml:52:13-36
223            android:permission="com.google.android.c2dm.permission.SEND" >
223-->[com.onesignal:OneSignal:4.8.5] AndroidManifest.xml:53:13-73
224
225            <!-- High priority so OneSignal payloads can be filtered from other FCM receivers -->
226            <intent-filter android:priority="999" >
226-->[com.onesignal:OneSignal:4.8.5] AndroidManifest.xml:56:13-60:29
226-->[com.onesignal:OneSignal:4.8.5] AndroidManifest.xml:56:28-50
227                <action android:name="com.google.android.c2dm.intent.RECEIVE" />
227-->[com.onesignal:OneSignal:4.8.5] AndroidManifest.xml:57:17-81
227-->[com.onesignal:OneSignal:4.8.5] AndroidManifest.xml:57:25-78
228
229                <category android:name="com.mundi.schoolquiz" />
229-->[com.onesignal:OneSignal:4.8.5] AndroidManifest.xml:59:17-61
229-->[com.onesignal:OneSignal:4.8.5] AndroidManifest.xml:59:27-58
230            </intent-filter>
231        </receiver>
232
233        <service
233-->[com.onesignal:OneSignal:4.8.5] AndroidManifest.xml:63:9-69:19
234            android:name="com.onesignal.HmsMessageServiceOneSignal"
234-->[com.onesignal:OneSignal:4.8.5] AndroidManifest.xml:64:13-68
235            android:exported="false" >
235-->[com.onesignal:OneSignal:4.8.5] AndroidManifest.xml:65:13-37
236            <intent-filter>
236-->[com.onesignal:OneSignal:4.8.5] AndroidManifest.xml:66:13-68:29
237                <action android:name="com.huawei.push.action.MESSAGING_EVENT" />
237-->[com.onesignal:OneSignal:4.8.5] AndroidManifest.xml:67:17-81
237-->[com.onesignal:OneSignal:4.8.5] AndroidManifest.xml:67:25-78
238            </intent-filter>
239        </service>
240
241        <activity
241-->[com.onesignal:OneSignal:4.8.5] AndroidManifest.xml:71:9-79:20
242            android:name="com.onesignal.NotificationOpenedActivityHMS"
242-->[com.onesignal:OneSignal:4.8.5] AndroidManifest.xml:72:13-71
243            android:exported="true"
243-->[com.onesignal:OneSignal:4.8.5] AndroidManifest.xml:73:13-36
244            android:noHistory="true"
244-->[com.onesignal:OneSignal:4.8.5] AndroidManifest.xml:74:13-37
245            android:theme="@android:style/Theme.Translucent.NoTitleBar" >
245-->[com.onesignal:OneSignal:4.8.5] AndroidManifest.xml:75:13-72
246            <intent-filter>
246-->[com.onesignal:OneSignal:4.8.5] AndroidManifest.xml:76:13-78:29
247                <action android:name="android.intent.action.VIEW" />
247-->[com.onesignal:OneSignal:4.8.5] AndroidManifest.xml:77:17-69
247-->[com.onesignal:OneSignal:4.8.5] AndroidManifest.xml:77:25-66
248            </intent-filter>
249        </activity>
250
251        <service
251-->[com.onesignal:OneSignal:4.8.5] AndroidManifest.xml:81:9-83:40
252            android:name="com.onesignal.FCMIntentService"
252-->[com.onesignal:OneSignal:4.8.5] AndroidManifest.xml:82:13-58
253            android:exported="false" />
253-->[com.onesignal:OneSignal:4.8.5] AndroidManifest.xml:83:13-37
254        <service
254-->[com.onesignal:OneSignal:4.8.5] AndroidManifest.xml:84:9-87:72
255            android:name="com.onesignal.FCMIntentJobService"
255-->[com.onesignal:OneSignal:4.8.5] AndroidManifest.xml:85:13-61
256            android:exported="false"
256-->[com.onesignal:OneSignal:4.8.5] AndroidManifest.xml:86:13-37
257            android:permission="android.permission.BIND_JOB_SERVICE" />
257-->[com.onesignal:OneSignal:4.8.5] AndroidManifest.xml:87:13-69
258        <service
258-->[com.onesignal:OneSignal:4.8.5] AndroidManifest.xml:88:9-91:43
259            android:name="com.onesignal.SyncService"
259-->[com.onesignal:OneSignal:4.8.5] AndroidManifest.xml:89:13-53
260            android:exported="false"
260-->[com.onesignal:OneSignal:4.8.5] AndroidManifest.xml:90:13-37
261            android:stopWithTask="true" />
261-->[com.onesignal:OneSignal:4.8.5] AndroidManifest.xml:91:13-40
262        <service
262-->[com.onesignal:OneSignal:4.8.5] AndroidManifest.xml:92:9-95:72
263            android:name="com.onesignal.SyncJobService"
263-->[com.onesignal:OneSignal:4.8.5] AndroidManifest.xml:93:13-56
264            android:exported="false"
264-->[com.onesignal:OneSignal:4.8.5] AndroidManifest.xml:94:13-37
265            android:permission="android.permission.BIND_JOB_SERVICE" />
265-->[com.onesignal:OneSignal:4.8.5] AndroidManifest.xml:95:13-69
266
267        <activity
267-->[com.onesignal:OneSignal:4.8.5] AndroidManifest.xml:97:9-100:75
268            android:name="com.onesignal.PermissionsActivity"
268-->[com.onesignal:OneSignal:4.8.5] AndroidManifest.xml:98:13-61
269            android:exported="false"
269-->[com.onesignal:OneSignal:4.8.5] AndroidManifest.xml:99:13-37
270            android:theme="@android:style/Theme.Translucent.NoTitleBar" />
270-->[com.onesignal:OneSignal:4.8.5] AndroidManifest.xml:100:13-72
271
272        <receiver
272-->[com.onesignal:OneSignal:4.8.5] AndroidManifest.xml:102:9-104:39
273            android:name="com.onesignal.NotificationDismissReceiver"
273-->[com.onesignal:OneSignal:4.8.5] AndroidManifest.xml:103:13-69
274            android:exported="true" />
274-->[com.onesignal:OneSignal:4.8.5] AndroidManifest.xml:104:13-36
275        <receiver
275-->[com.onesignal:OneSignal:4.8.5] AndroidManifest.xml:105:9-112:20
276            android:name="com.onesignal.BootUpReceiver"
276-->[com.onesignal:OneSignal:4.8.5] AndroidManifest.xml:106:13-56
277            android:exported="true" >
277-->[com.onesignal:OneSignal:4.8.5] AndroidManifest.xml:107:13-36
278            <intent-filter>
278-->[com.onesignal:OneSignal:4.8.5] AndroidManifest.xml:108:13-111:29